Analysis & Synthesis report for autito
Sun Oct 22 22:49:58 2023
Quartus II 64-Bit Version 13.0.1 Build 232 06/12/2013 Service Pack 1 SJ Web Edition


---------------------
; Table of Contents ;
---------------------
  1. Legal Notice
  2. Analysis & Synthesis Summary
  3. Analysis & Synthesis Settings
  4. Parallel Compilation
  5. Analysis & Synthesis Source Files Read
  6. Analysis & Synthesis Resource Usage Summary
  7. Analysis & Synthesis Resource Utilization by Entity
  8. Analysis & Synthesis IP Cores Summary
  9. State Machine - |velocimetro|counter_16:inst|fstate
 10. General Register Statistics
 11. Parameter Settings for User Entity Instance: lpm_compare0:inst2|lpm_compare:LPM_COMPARE_component
 12. Elapsed Time Per Partition
 13. Analysis & Synthesis Messages



----------------
; Legal Notice ;
----------------
Copyright (C) 1991-2013 Altera Corporation
Your use of Altera Corporation's design tools, logic functions 
and other software and tools, and its AMPP partner logic 
functions, and any output files from any of the foregoing 
(including device programming or simulation files), and any 
associated documentation or information are expressly subject 
to the terms and conditions of the Altera Program License 
Subscription Agreement, Altera MegaCore Function License 
Agreement, or other applicable license agreement, including, 
without limitation, that your use is for the sole purpose of 
programming logic devices manufactured by Altera and sold by 
Altera or its authorized distributors.  Please refer to the 
applicable agreement for further details.



+--------------------------------------------------------------------------------------+
; Analysis & Synthesis Summary                                                         ;
+------------------------------------+-------------------------------------------------+
; Analysis & Synthesis Status        ; Successful - Sun Oct 22 22:49:58 2023           ;
; Quartus II 64-Bit Version          ; 13.0.1 Build 232 06/12/2013 SP 1 SJ Web Edition ;
; Revision Name                      ; autito                                          ;
; Top-level Entity Name              ; velocimetro                                     ;
; Family                             ; Cyclone IV E                                    ;
; Total logic elements               ; 29                                              ;
;     Total combinational functions  ; 29                                              ;
;     Dedicated logic registers      ; 16                                              ;
; Total registers                    ; 16                                              ;
; Total pins                         ; 8                                               ;
; Total virtual pins                 ; 0                                               ;
; Total memory bits                  ; 0                                               ;
; Embedded Multiplier 9-bit elements ; 0                                               ;
; Total PLLs                         ; 0                                               ;
+------------------------------------+-------------------------------------------------+


+----------------------------------------------------------------------------------------------------------------------+
; Analysis & Synthesis Settings                                                                                        ;
+----------------------------------------------------------------------------+--------------------+--------------------+
; Option                                                                     ; Setting            ; Default Value      ;
+----------------------------------------------------------------------------+--------------------+--------------------+
; Device                                                                     ; EP4CE22F17C6       ;                    ;
; Top-level entity name                                                      ; velocimetro        ; autito             ;
; Family name                                                                ; Cyclone IV E       ; Cyclone IV GX      ;
; Use smart compilation                                                      ; Off                ; Off                ;
; Enable parallel Assembler and TimeQuest Timing Analyzer during compilation ; On                 ; On                 ;
; Enable compact report table                                                ; Off                ; Off                ;
; Restructure Multiplexers                                                   ; Auto               ; Auto               ;
; Create Debugging Nodes for IP Cores                                        ; Off                ; Off                ;
; Preserve fewer node names                                                  ; On                 ; On                 ;
; Disable OpenCore Plus hardware evaluation                                  ; Off                ; Off                ;
; Verilog Version                                                            ; Verilog_2001       ; Verilog_2001       ;
; VHDL Version                                                               ; VHDL_1993          ; VHDL_1993          ;
; State Machine Processing                                                   ; Auto               ; Auto               ;
; Safe State Machine                                                         ; Off                ; Off                ;
; Extract Verilog State Machines                                             ; On                 ; On                 ;
; Extract VHDL State Machines                                                ; On                 ; On                 ;
; Ignore Verilog initial constructs                                          ; Off                ; Off                ;
; Iteration limit for constant Verilog loops                                 ; 5000               ; 5000               ;
; Iteration limit for non-constant Verilog loops                             ; 250                ; 250                ;
; Add Pass-Through Logic to Inferred RAMs                                    ; On                 ; On                 ;
; Infer RAMs from Raw Logic                                                  ; On                 ; On                 ;
; Parallel Synthesis                                                         ; On                 ; On                 ;
; DSP Block Balancing                                                        ; Auto               ; Auto               ;
; NOT Gate Push-Back                                                         ; On                 ; On                 ;
; Power-Up Don't Care                                                        ; On                 ; On                 ;
; Remove Redundant Logic Cells                                               ; Off                ; Off                ;
; Remove Duplicate Registers                                                 ; On                 ; On                 ;
; Ignore CARRY Buffers                                                       ; Off                ; Off                ;
; Ignore CASCADE Buffers                                                     ; Off                ; Off                ;
; Ignore GLOBAL Buffers                                                      ; Off                ; Off                ;
; Ignore ROW GLOBAL Buffers                                                  ; Off                ; Off                ;
; Ignore LCELL Buffers                                                       ; Off                ; Off                ;
; Ignore SOFT Buffers                                                        ; On                 ; On                 ;
; Limit AHDL Integers to 32 Bits                                             ; Off                ; Off                ;
; Optimization Technique                                                     ; Balanced           ; Balanced           ;
; Carry Chain Length                                                         ; 70                 ; 70                 ;
; Auto Carry Chains                                                          ; On                 ; On                 ;
; Auto Open-Drain Pins                                                       ; On                 ; On                 ;
; Perform WYSIWYG Primitive Resynthesis                                      ; Off                ; Off                ;
; Auto ROM Replacement                                                       ; On                 ; On                 ;
; Auto RAM Replacement                                                       ; On                 ; On                 ;
; Auto DSP Block Replacement                                                 ; On                 ; On                 ;
; Auto Shift Register Replacement                                            ; Auto               ; Auto               ;
; Allow Shift Register Merging across Hierarchies                            ; Auto               ; Auto               ;
; Auto Clock Enable Replacement                                              ; On                 ; On                 ;
; Strict RAM Replacement                                                     ; Off                ; Off                ;
; Allow Synchronous Control Signals                                          ; On                 ; On                 ;
; Force Use of Synchronous Clear Signals                                     ; Off                ; Off                ;
; Auto RAM Block Balancing                                                   ; On                 ; On                 ;
; Auto RAM to Logic Cell Conversion                                          ; Off                ; Off                ;
; Auto Resource Sharing                                                      ; Off                ; Off                ;
; Allow Any RAM Size For Recognition                                         ; Off                ; Off                ;
; Allow Any ROM Size For Recognition                                         ; Off                ; Off                ;
; Allow Any Shift Register Size For Recognition                              ; Off                ; Off                ;
; Use LogicLock Constraints during Resource Balancing                        ; On                 ; On                 ;
; Ignore translate_off and synthesis_off directives                          ; Off                ; Off                ;
; Timing-Driven Synthesis                                                    ; On                 ; On                 ;
; Report Parameter Settings                                                  ; On                 ; On                 ;
; Report Source Assignments                                                  ; On                 ; On                 ;
; Report Connectivity Checks                                                 ; On                 ; On                 ;
; Ignore Maximum Fan-Out Assignments                                         ; Off                ; Off                ;
; Synchronization Register Chain Length                                      ; 2                  ; 2                  ;
; PowerPlay Power Optimization                                               ; Normal compilation ; Normal compilation ;
; HDL message level                                                          ; Level2             ; Level2             ;
; Suppress Register Optimization Related Messages                            ; Off                ; Off                ;
; Number of Removed Registers Reported in Synthesis Report                   ; 5000               ; 5000               ;
; Number of Swept Nodes Reported in Synthesis Report                         ; 5000               ; 5000               ;
; Number of Inverted Registers Reported in Synthesis Report                  ; 100                ; 100                ;
; Clock MUX Protection                                                       ; On                 ; On                 ;
; Auto Gated Clock Conversion                                                ; Off                ; Off                ;
; Block Design Naming                                                        ; Auto               ; Auto               ;
; SDC constraint protection                                                  ; Off                ; Off                ;
; Synthesis Effort                                                           ; Auto               ; Auto               ;
; Shift Register Replacement - Allow Asynchronous Clear Signal               ; On                 ; On                 ;
; Pre-Mapping Resynthesis Optimization                                       ; Off                ; Off                ;
; Analysis & Synthesis Message Level                                         ; Medium             ; Medium             ;
; Disable Register Merging Across Hierarchies                                ; Auto               ; Auto               ;
; Resource Aware Inference For Block RAM                                     ; On                 ; On                 ;
; Synthesis Seed                                                             ; 1                  ; 1                  ;
+----------------------------------------------------------------------------+--------------------+--------------------+


Parallel compilation was disabled, but you have multiple processors available. Enable parallel compilation to reduce compilation time.
+-------------------------------------+
; Parallel Compilation                ;
+----------------------------+--------+
; Processors                 ; Number ;
+----------------------------+--------+
; Number detected on machine ; 4      ;
; Maximum allowed            ; 1      ;
+----------------------------+--------+


+-----------------------------------------------------------------------------------------------------------------------------------------------------------------------+
; Analysis & Synthesis Source Files Read                                                                                                                                ;
+----------------------------------+-----------------+------------------------------------+-------------------------------------------------------------------+---------+
; File Name with User-Entered Path ; Used in Netlist ; File Type                          ; File Name with Absolute Path                                      ; Library ;
+----------------------------------+-----------------+------------------------------------+-------------------------------------------------------------------+---------+
; counter_16.vhd                   ; yes             ; User VHDL File                     ; C:/Users/Celeste/Desktop/lab3/Lab_autito_2023/counter_16.vhd      ;         ;
; lpm_compare0.vhd                 ; yes             ; User Wizard-Generated File         ; C:/Users/Celeste/Desktop/lab3/Lab_autito_2023/lpm_compare0.vhd    ;         ;
; velocimetro.bdf                  ; yes             ; User Block Diagram/Schematic File  ; C:/Users/Celeste/Desktop/lab3/Lab_autito_2023/velocimetro.bdf     ;         ;
; lpm_compare.tdf                  ; yes             ; Megafunction                       ; c:/altera/13.0sp1/quartus/libraries/megafunctions/lpm_compare.tdf ;         ;
; comptree.inc                     ; yes             ; Megafunction                       ; c:/altera/13.0sp1/quartus/libraries/megafunctions/comptree.inc    ;         ;
; altshift.inc                     ; yes             ; Megafunction                       ; c:/altera/13.0sp1/quartus/libraries/megafunctions/altshift.inc    ;         ;
; aglobal130.inc                   ; yes             ; Megafunction                       ; c:/altera/13.0sp1/quartus/libraries/megafunctions/aglobal130.inc  ;         ;
; db/cmpr_2mg.tdf                  ; yes             ; Auto-Generated Megafunction        ; C:/Users/Celeste/Desktop/lab3/Lab_autito_2023/db/cmpr_2mg.tdf     ;         ;
+----------------------------------+-----------------+------------------------------------+-------------------------------------------------------------------+---------+


+-----------------------------------------------------------+
; Analysis & Synthesis Resource Usage Summary               ;
+---------------------------------------------+-------------+
; Resource                                    ; Usage       ;
+---------------------------------------------+-------------+
; Estimated Total logic elements              ; 29          ;
;                                             ;             ;
; Total combinational functions               ; 29          ;
; Logic element usage by number of LUT inputs ;             ;
;     -- 4 input functions                    ; 10          ;
;     -- 3 input functions                    ; 0           ;
;     -- <=2 input functions                  ; 19          ;
;                                             ;             ;
; Logic elements by mode                      ;             ;
;     -- normal mode                          ; 29          ;
;     -- arithmetic mode                      ; 0           ;
;                                             ;             ;
; Total registers                             ; 16          ;
;     -- Dedicated logic registers            ; 16          ;
;     -- I/O registers                        ; 0           ;
;                                             ;             ;
; I/O pins                                    ; 8           ;
; Embedded Multiplier 9-bit elements          ; 0           ;
; Maximum fan-out node                        ; reset~input ;
; Maximum fan-out                             ; 18          ;
; Total fan-out                               ; 119         ;
; Average fan-out                             ; 1.95        ;
+---------------------------------------------+-------------+


+--------------------------------------------------------------------------------------------------------------------------------------------------------------------------------------+
; Analysis & Synthesis Resource Utilization by Entity                                                                                                                                  ;
+----------------------------+-------------------+--------------+-------------+--------------+---------+-----------+------+--------------+------------------------------+--------------+
; Compilation Hierarchy Node ; LC Combinationals ; LC Registers ; Memory Bits ; DSP Elements ; DSP 9x9 ; DSP 18x18 ; Pins ; Virtual Pins ; Full Hierarchy Name          ; Library Name ;
+----------------------------+-------------------+--------------+-------------+--------------+---------+-----------+------+--------------+------------------------------+--------------+
; |velocimetro               ; 29 (5)            ; 16 (0)       ; 0           ; 0            ; 0       ; 0         ; 8    ; 0            ; |velocimetro                 ; work         ;
;    |counter_16:inst|       ; 24 (24)           ; 16 (16)      ; 0           ; 0            ; 0       ; 0         ; 0    ; 0            ; |velocimetro|counter_16:inst ; work         ;
+----------------------------+-------------------+--------------+-------------+--------------+---------+-----------+------+--------------+------------------------------+--------------+
Note: For table entries with two numbers listed, the numbers in parentheses indicate the number of resources of the given type used by the specific entity alone. The numbers listed outside of parentheses indicate the total resources of the given type used by the specific entity and all of its sub-entities in the hierarchy.


+------------------------------------------------------------------------------------------------------------------------------------------------------------------+
; Analysis & Synthesis IP Cores Summary                                                                                                                            ;
+--------+--------------+---------+--------------+--------------+---------------------------------+----------------------------------------------------------------+
; Vendor ; IP Core Name ; Version ; Release Date ; License Type ; Entity Instance                 ; IP Include File                                                ;
+--------+--------------+---------+--------------+--------------+---------------------------------+----------------------------------------------------------------+
; Altera ; LPM_COMPARE  ; 13.0    ; N/A          ; N/A          ; |velocimetro|lpm_compare0:inst2 ; C:/Users/Celeste/Desktop/lab3/Lab_autito_2023/lpm_compare0.vhd ;
+--------+--------------+---------+--------------+--------------+---------------------------------+----------------------------------------------------------------+


Encoding Type:  One-Hot
+---------------------------------------------------------------------------------------------------------------------------------------------------------------------------------------------------------------------------------------------------------------------------------------+
; State Machine - |velocimetro|counter_16:inst|fstate                                                                                                                                                                                                                                   ;
+----------------+----------------+----------------+----------------+----------------+----------------+----------------+----------------+---------------+---------------+---------------+---------------+---------------+---------------+---------------+---------------+---------------+
; Name           ; fstate.state16 ; fstate.state15 ; fstate.state14 ; fstate.state13 ; fstate.state12 ; fstate.state11 ; fstate.state10 ; fstate.state9 ; fstate.state8 ; fstate.state7 ; fstate.state6 ; fstate.state5 ; fstate.state4 ; fstate.state3 ; fstate.state2 ; fstate.state1 ;
+----------------+----------------+----------------+----------------+----------------+----------------+----------------+----------------+---------------+---------------+---------------+---------------+---------------+---------------+---------------+---------------+---------------+
; fstate.state1  ; 0              ; 0              ; 0              ; 0              ; 0              ; 0              ; 0              ; 0             ; 0             ; 0             ; 0             ; 0             ; 0             ; 0             ; 0             ; 0             ;
; fstate.state2  ; 0              ; 0              ; 0              ; 0              ; 0              ; 0              ; 0              ; 0             ; 0             ; 0             ; 0             ; 0             ; 0             ; 0             ; 1             ; 1             ;
; fstate.state3  ; 0              ; 0              ; 0              ; 0              ; 0              ; 0              ; 0              ; 0             ; 0             ; 0             ; 0             ; 0             ; 0             ; 1             ; 0             ; 1             ;
; fstate.state4  ; 0              ; 0              ; 0              ; 0              ; 0              ; 0              ; 0              ; 0             ; 0             ; 0             ; 0             ; 0             ; 1             ; 0             ; 0             ; 1             ;
; fstate.state5  ; 0              ; 0              ; 0              ; 0              ; 0              ; 0              ; 0              ; 0             ; 0             ; 0             ; 0             ; 1             ; 0             ; 0             ; 0             ; 1             ;
; fstate.state6  ; 0              ; 0              ; 0              ; 0              ; 0              ; 0              ; 0              ; 0             ; 0             ; 0             ; 1             ; 0             ; 0             ; 0             ; 0             ; 1             ;
; fstate.state7  ; 0              ; 0              ; 0              ; 0              ; 0              ; 0              ; 0              ; 0             ; 0             ; 1             ; 0             ; 0             ; 0             ; 0             ; 0             ; 1             ;
; fstate.state8  ; 0              ; 0              ; 0              ; 0              ; 0              ; 0              ; 0              ; 0             ; 1             ; 0             ; 0             ; 0             ; 0             ; 0             ; 0             ; 1             ;
; fstate.state9  ; 0              ; 0              ; 0              ; 0              ; 0              ; 0              ; 0              ; 1             ; 0             ; 0             ; 0             ; 0             ; 0             ; 0             ; 0             ; 1             ;
; fstate.state10 ; 0              ; 0              ; 0              ; 0              ; 0              ; 0              ; 1              ; 0             ; 0             ; 0             ; 0             ; 0             ; 0             ; 0             ; 0             ; 1             ;
; fstate.state11 ; 0              ; 0              ; 0              ; 0              ; 0              ; 1              ; 0              ; 0             ; 0             ; 0             ; 0             ; 0             ; 0             ; 0             ; 0             ; 1             ;
; fstate.state12 ; 0              ; 0              ; 0              ; 0              ; 1              ; 0              ; 0              ; 0             ; 0             ; 0             ; 0             ; 0             ; 0             ; 0             ; 0             ; 1             ;
; fstate.state13 ; 0              ; 0              ; 0              ; 1              ; 0              ; 0              ; 0              ; 0             ; 0             ; 0             ; 0             ; 0             ; 0             ; 0             ; 0             ; 1             ;
; fstate.state14 ; 0              ; 0              ; 1              ; 0              ; 0              ; 0              ; 0              ; 0             ; 0             ; 0             ; 0             ; 0             ; 0             ; 0             ; 0             ; 1             ;
; fstate.state15 ; 0              ; 1              ; 0              ; 0              ; 0              ; 0              ; 0              ; 0             ; 0             ; 0             ; 0             ; 0             ; 0             ; 0             ; 0             ; 1             ;
; fstate.state16 ; 1              ; 0              ; 0              ; 0              ; 0              ; 0              ; 0              ; 0             ; 0             ; 0             ; 0             ; 0             ; 0             ; 0             ; 0             ; 1             ;
+----------------+----------------+----------------+----------------+----------------+----------------+----------------+----------------+---------------+---------------+---------------+---------------+---------------+---------------+---------------+---------------+---------------+


+------------------------------------------------------+
; General Register Statistics                          ;
+----------------------------------------------+-------+
; Statistic                                    ; Value ;
+----------------------------------------------+-------+
; Total registers                              ; 16    ;
; Number of registers using Synchronous Clear  ; 0     ;
; Number of registers using Synchronous Load   ; 0     ;
; Number of registers using Asynchronous Clear ; 0     ;
; Number of registers using Asynchronous Load  ; 0     ;
; Number of registers using Clock Enable       ; 0     ;
; Number of registers using Preset             ; 0     ;
+----------------------------------------------+-------+


+---------------------------------------------------------------------------------------------------+
; Parameter Settings for User Entity Instance: lpm_compare0:inst2|lpm_compare:LPM_COMPARE_component ;
+------------------------+--------------+-----------------------------------------------------------+
; Parameter Name         ; Value        ; Type                                                      ;
+------------------------+--------------+-----------------------------------------------------------+
; lpm_width              ; 4            ; Signed Integer                                            ;
; LPM_REPRESENTATION     ; UNSIGNED     ; Untyped                                                   ;
; LPM_PIPELINE           ; 0            ; Untyped                                                   ;
; CHAIN_SIZE             ; 8            ; Untyped                                                   ;
; ONE_INPUT_IS_CONSTANT  ; NO           ; Untyped                                                   ;
; CARRY_CHAIN            ; MANUAL       ; Untyped                                                   ;
; CASCADE_CHAIN          ; MANUAL       ; Untyped                                                   ;
; CARRY_CHAIN_LENGTH     ; 48           ; CARRY_CHAIN_LENGTH                                        ;
; CASCADE_CHAIN_LENGTH   ; 2            ; CASCADE_CHAIN_LENGTH                                      ;
; DEVICE_FAMILY          ; Cyclone IV E ; Untyped                                                   ;
; CBXI_PARAMETER         ; cmpr_2mg     ; Untyped                                                   ;
; AUTO_CARRY_CHAINS      ; ON           ; AUTO_CARRY                                                ;
; IGNORE_CARRY_BUFFERS   ; OFF          ; IGNORE_CARRY                                              ;
; AUTO_CASCADE_CHAINS    ; ON           ; AUTO_CASCADE                                              ;
; IGNORE_CASCADE_BUFFERS ; OFF          ; IGNORE_CASCADE                                            ;
+------------------------+--------------+-----------------------------------------------------------+
Note: In order to hide this table in the UI and the text report file, please set the "Show Parameter Settings in Synthesis Report" option in "Analysis and Synthesis Settings -> More Settings" to "Off".


+-------------------------------+
; Elapsed Time Per Partition    ;
+----------------+--------------+
; Partition Name ; Elapsed Time ;
+----------------+--------------+
; Top            ; 00:00:00     ;
+----------------+--------------+


+-------------------------------+
; Analysis & Synthesis Messages ;
+-------------------------------+
Info: *******************************************************************
Info: Running Quartus II 64-Bit Analysis & Synthesis
    Info: Version 13.0.1 Build 232 06/12/2013 Service Pack 1 SJ Web Edition
    Info: Processing started: Sun Oct 22 22:49:55 2023
Info: Command: quartus_map --read_settings_files=on --write_settings_files=off autito -c autito
Warning (20028): Parallel compilation is not licensed and has been disabled
Info (12021): Found 2 design units, including 1 entities, in source file counter_16.vhd
    Info (12022): Found design unit 1: counter_16-BEHAVIOR
    Info (12023): Found entity 1: counter_16
Info (12021): Found 2 design units, including 1 entities, in source file lpm_compare0.vhd
    Info (12022): Found design unit 1: lpm_compare0-SYN
    Info (12023): Found entity 1: lpm_compare0
Info (12021): Found 1 design units, including 1 entities, in source file velocimetro.bdf
    Info (12023): Found entity 1: velocimetro
Info (12127): Elaborating entity "velocimetro" for the top level hierarchy
Info (12128): Elaborating entity "lpm_compare0" for hierarchy "lpm_compare0:inst2"
Info (12128): Elaborating entity "lpm_compare" for hierarchy "lpm_compare0:inst2|lpm_compare:LPM_COMPARE_component"
Info (12130): Elaborated megafunction instantiation "lpm_compare0:inst2|lpm_compare:LPM_COMPARE_component"
Info (12133): Instantiated megafunction "lpm_compare0:inst2|lpm_compare:LPM_COMPARE_component" with the following parameter:
    Info (12134): Parameter "lpm_representation" = "UNSIGNED"
    Info (12134): Parameter "lpm_type" = "LPM_COMPARE"
    Info (12134): Parameter "lpm_width" = "4"
Info (12021): Found 1 design units, including 1 entities, in source file db/cmpr_2mg.tdf
    Info (12023): Found entity 1: cmpr_2mg
Info (12128): Elaborating entity "cmpr_2mg" for hierarchy "lpm_compare0:inst2|lpm_compare:LPM_COMPARE_component|cmpr_2mg:auto_generated"
Info (12128): Elaborating entity "counter_16" for hierarchy "counter_16:inst"
Info (286030): Timing-Driven Synthesis is running
Info (16010): Generating hard_block partition "hard_block:auto_generated_inst"
    Info (16011): Adding 0 node(s), including 0 DDIO, 0 PLL, 0 transceiver and 0 LCELL
Info (21057): Implemented 37 device resources after synthesis - the final resource count might be different
    Info (21058): Implemented 7 input pins
    Info (21059): Implemented 1 output pins
    Info (21061): Implemented 29 logic cells
Info: Quartus II 64-Bit Analysis & Synthesis was successful. 0 errors, 1 warning
    Info: Peak virtual memory: 4633 megabytes
    Info: Processing ended: Sun Oct 22 22:49:58 2023
    Info: Elapsed time: 00:00:03
    Info: Total CPU time (on all processors): 00:00:03


